Performing C++ SOURCE FILE Test CMAKE_HAVE_LIBC_PTHREAD failed with the following output:
Change Dir: /home/anton/TaxiProj2/cmake-build-debug/CMakeFiles/CMakeTmp

Run Build Command(s):/usr/bin/make cmTC_6dcfb/fast && /usr/bin/make  -f CMakeFiles/cmTC_6dcfb.dir/build.make CMakeFiles/cmTC_6dcfb.dir/build
make[1]: вход в каталог «/home/anton/TaxiProj2/cmake-build-debug/CMakeFiles/CMakeTmp»
Building CXX object CMakeFiles/cmTC_6dcfb.dir/src.cxx.o
/usr/bin/g++-10    -DCMAKE_HAVE_LIBC_PTHREAD   -std=gnu++17 -o CMakeFiles/cmTC_6dcfb.dir/src.cxx.o -c /home/anton/TaxiProj2/cmake-build-debug/CMakeFiles/CMakeTmp/src.cxx
Linking CXX executable cmTC_6dcfb
/snap/clion/137/bin/cmake/linux/bin/cmake -E cmake_link_script CMakeFiles/cmTC_6dcfb.dir/link.txt --verbose=1
/usr/bin/g++-10   -DCMAKE_HAVE_LIBC_PTHREAD    CMakeFiles/cmTC_6dcfb.dir/src.cxx.o  -o cmTC_6dcfb 
/usr/bin/ld: CMakeFiles/cmTC_6dcfb.dir/src.cxx.o: в функции «main»:
src.cxx:(.text+0x46): неопределённая ссылка на «pthread_create»
/usr/bin/ld: src.cxx:(.text+0x52): неопределённая ссылка на «pthread_detach»
/usr/bin/ld: src.cxx:(.text+0x5e): неопределённая ссылка на «pthread_cancel»
/usr/bin/ld: src.cxx:(.text+0x6f): неопределённая ссылка на «pthread_join»
collect2: error: ld returned 1 exit status
make[1]: *** [CMakeFiles/cmTC_6dcfb.dir/build.make:107: cmTC_6dcfb] Ошибка 1
make[1]: выход из каталога «/home/anton/TaxiProj2/cmake-build-debug/CMakeFiles/CMakeTmp»
make: *** [Makefile:141: cmTC_6dcfb/fast] Ошибка 2


Source file was:
#include <pthread.h>

void* test_func(void* data)
{
  return data;
}

int main(void)
{
  pthread_t thread;
  pthread_create(&thread, NULL, test_func, NULL);
  pthread_detach(thread);
  pthread_cancel(thread);
  pthread_join(thread, NULL);
  pthread_atfork(NULL, NULL, NULL);
  pthread_exit(NULL);

  return 0;
}

Determining if the function pthread_create exists in the pthreads failed with the following output:
Change Dir: /home/anton/TaxiProj2/cmake-build-debug/CMakeFiles/CMakeTmp

Run Build Command(s):/usr/bin/make cmTC_02015/fast && /usr/bin/make  -f CMakeFiles/cmTC_02015.dir/build.make CMakeFiles/cmTC_02015.dir/build
make[1]: вход в каталог «/home/anton/TaxiProj2/cmake-build-debug/CMakeFiles/CMakeTmp»
Building CXX object CMakeFiles/cmTC_02015.dir/CheckFunctionExists.cxx.o
/usr/bin/g++-10    -DCHECK_FUNCTION_EXISTS=pthread_create   -std=gnu++17 -o CMakeFiles/cmTC_02015.dir/CheckFunctionExists.cxx.o -c /home/anton/TaxiProj2/cmake-build-debug/CMakeFiles/CheckLibraryExists/CheckFunctionExists.cxx
Linking CXX executable cmTC_02015
/snap/clion/137/bin/cmake/linux/bin/cmake -E cmake_link_script CMakeFiles/cmTC_02015.dir/link.txt --verbose=1
/usr/bin/g++-10   -DCHECK_FUNCTION_EXISTS=pthread_create    CMakeFiles/cmTC_02015.dir/CheckFunctionExists.cxx.o  -o cmTC_02015  -lpthreads 
/usr/bin/ld: невозможно найти -lpthreads
collect2: error: ld returned 1 exit status
make[1]: *** [CMakeFiles/cmTC_02015.dir/build.make:107: cmTC_02015] Ошибка 1
make[1]: выход из каталога «/home/anton/TaxiProj2/cmake-build-debug/CMakeFiles/CMakeTmp»
make: *** [Makefile:141: cmTC_02015/fast] Ошибка 2



